app/build/intermediates/manifest_merge_blame_file/debug/manifest-merger-blame-debug-report.txt
1<?xml version="1.0" encoding="utf-8"?>
2<manifest xmlns:android="http://schemas.android.com/apk/res/android"
3    package="com.example.yumi"
4    android:versionCode="1"
5    android:versionName="1.0" >
6
7    <uses-sdk
8        android:minSdkVersion="21"
8-->src\main\AndroidManifest.xml
9        android:targetSdkVersion="29" />
9-->src\main\AndroidManifest.xml
10
11    <uses-permission android:name="android.permission.INTERNET" />
11-->src\main\AndroidManifest.xml:6:5-67
11-->src\main\AndroidManifest.xml:6:22-64
12    <uses-permission android:name="android.permission.READ_PHONE_STATE" />
12-->src\main\AndroidManifest.xml:7:5-75
12-->src\main\AndroidManifest.xml:7:22-72
13    <uses-permission android:name="android.permission.GET_ACCOUNTS" />
13-->src\main\AndroidManifest.xml:8:5-71
13-->src\main\AndroidManifest.xml:8:22-68
14    <uses-permission android:name="android.permission.ACCESS_WIFI_STATE" />
14-->src\main\AndroidManifest.xml:9:5-76
14-->src\main\AndroidManifest.xml:9:22-73
15    <uses-permission android:name="android.permission.ACCESS_NETWORK_STATE" />
15-->src\main\AndroidManifest.xml:10:5-79
15-->src\main\AndroidManifest.xml:10:22-76
16    <uses-permission android:name="android.permission.READ_EXTERNAL_STORAGE" />
16-->src\main\AndroidManifest.xml:11:5-80
16-->src\main\AndroidManifest.xml:11:22-77
17    <uses-permission android:name="android.permission.WRITE_EXTERNAL_STORAGE" />
17-->src\main\AndroidManifest.xml:12:5-81
17-->src\main\AndroidManifest.xml:12:22-78
18    <uses-permission android:name="android.permission.CAMERA" />
18-->src\main\AndroidManifest.xml:13:5-65
18-->src\main\AndroidManifest.xml:13:22-62
19    <uses-permission android:name="android.permission.RECEIVE_BOOT_COMPLETED" />
19-->src\main\AndroidManifest.xml:14:5-81
19-->src\main\AndroidManifest.xml:14:22-78
20    <uses-permission android:name="android.permission.SPEAKER" />
20-->src\main\AndroidManifest.xml:15:5-66
20-->src\main\AndroidManifest.xml:15:22-63
21    <uses-permission android:name="android.permission.MICROPHONE" />
21-->src\main\AndroidManifest.xml:16:5-69
21-->src\main\AndroidManifest.xml:16:22-66
22    <uses-permission android:name="android.permission.NETWORK_ALLADRESSES" />
22-->src\main\AndroidManifest.xml:17:5-78
22-->src\main\AndroidManifest.xml:17:22-75
23    <uses-permission android:name="android.permission.CHANGE_NETWORK_STATE" />
23-->src\main\AndroidManifest.xml:18:5-79
23-->src\main\AndroidManifest.xml:18:22-76
24    <uses-permission android:name="android.permission.MODIFY_AUDIO_SETTINGS" />
24-->src\main\AndroidManifest.xml:19:5-80
24-->src\main\AndroidManifest.xml:19:22-77
25    <uses-permission android:name="android.permission.RECORD_AUDIO" />
25-->src\main\AndroidManifest.xml:20:5-71
25-->src\main\AndroidManifest.xml:20:22-68
26    <uses-permission android:name="android.permission.BLUETOOTH" />
26-->src\main\AndroidManifest.xml:21:5-68
26-->src\main\AndroidManifest.xml:21:22-65
27    <uses-permission android:name="android.permission.ACCESS_MEDIA_LOCATION" />
27-->src\main\AndroidManifest.xml:22:5-80
27-->src\main\AndroidManifest.xml:22:22-77
28    <uses-permission android:name="android.permission.CHANGE_WIFI_STATE" />
28-->src\main\AndroidManifest.xml:23:5-76
28-->src\main\AndroidManifest.xml:23:22-73
29    <uses-permission android:name="android.permission.READ_PHONE_STATE" />
29-->src\main\AndroidManifest.xml:7:5-75
29-->src\main\AndroidManifest.xml:7:22-72
30    <uses-permission android:name="android.permission.WAKE_LOCK" />
30-->src\main\AndroidManifest.xml:25:5-68
30-->src\main\AndroidManifest.xml:25:22-65
31
32    <uses-feature android:name="android.hardware.camera" />
32-->src\main\AndroidManifest.xml:27:5-60
32-->src\main\AndroidManifest.xml:27:19-57
33    <uses-feature android:name="android.hardware.camera.autofocus" />
33-->src\main\AndroidManifest.xml:28:5-70
33-->src\main\AndroidManifest.xml:28:19-67
34
35    <uses-permission android:name="com.google.android.finsky.permission.BIND_GET_INSTALL_REFERRER_SERVICE" /> <!-- Required by older versions of Google Play services to create IID tokens -->
35-->[com.google.firebase:firebase-analytics:16.0.1] AndroidManifest.xml:26:5-110
35-->[com.google.firebase:firebase-analytics:16.0.1] AndroidManifest.xml:26:22-107
36    <uses-permission android:name="com.google.android.c2dm.permission.RECEIVE" />
36-->[com.google.firebase:firebase-iid:16.0.0] AndroidManifest.xml:26:5-82
36-->[com.google.firebase:firebase-iid:16.0.0] AndroidManifest.xml:26:22-79
37
38    <permission
38-->[com.google.firebase:firebase-iid:16.0.0] AndroidManifest.xml:28:5-30:47
39        android:name="com.example.yumi.permission.C2D_MESSAGE"
39-->[com.google.firebase:firebase-iid:16.0.0] AndroidManifest.xml:29:9-63
40        android:protectionLevel="signature" />
40-->[com.google.firebase:firebase-iid:16.0.0] AndroidManifest.xml:30:9-44
41
42    <uses-permission android:name="com.example.yumi.permission.C2D_MESSAGE" />
42-->[com.google.firebase:firebase-iid:16.0.0] AndroidManifest.xml:32:5-79
42-->[com.google.firebase:firebase-iid:16.0.0] AndroidManifest.xml:32:22-76
43
44    <application
44-->src\main\AndroidManifest.xml:30:5-107:19
45        android:allowBackup="true"
45-->src\main\AndroidManifest.xml:31:9-35
46        android:appComponentFactory="androidx.core.app.CoreComponentFactory"
46-->[androidx.core:core:1.1.0] AndroidManifest.xml:24:18-86
47        android:icon="@mipmap/ic_launcher"
47-->src\main\AndroidManifest.xml:32:9-43
48        android:label="@string/app_name"
48-->src\main\AndroidManifest.xml:33:9-41
49        android:networkSecurityConfig="@xml/network_security_config"
49-->src\main\AndroidManifest.xml:34:9-69
50        android:roundIcon="@mipmap/ic_launcher_round"
50-->src\main\AndroidManifest.xml:35:9-54
51        android:supportsRtl="true"
51-->src\main\AndroidManifest.xml:36:9-35
52        android:testOnly="true"
53        android:theme="@style/AppTheme"
53-->src\main\AndroidManifest.xml:37:9-40
54        android:usesCleartextTraffic="true" >
54-->src\main\AndroidManifest.xml:38:9-44
55        <activity android:name="com.example.yumi.watchVideo" />
55-->src\main\AndroidManifest.xml:40:9-57
55-->src\main\AndroidManifest.xml:40:19-45
56        <activity
56-->src\main\AndroidManifest.xml:41:9-43:59
57            android:name="com.example.yumi.AddTeacherPopup"
57-->src\main\AndroidManifest.xml:42:13-44
58            android:theme="@android:style/Theme.Dialog" />
58-->src\main\AndroidManifest.xml:43:13-56
59        <activity android:name="com.example.yumi.StudentQuestionDetailActivity" />
59-->src\main\AndroidManifest.xml:44:9-67
59-->src\main\AndroidManifest.xml:44:19-64
60        <activity android:name="com.example.yumi.StudentQuestionlist" />
60-->src\main\AndroidManifest.xml:45:9-57
60-->src\main\AndroidManifest.xml:45:19-54
61        <activity android:name="com.example.yumi.MainActivity" >
61-->src\main\AndroidManifest.xml:46:9-52:20
61-->src\main\AndroidManifest.xml:46:19-47
62            <intent-filter>
62-->src\main\AndroidManifest.xml:47:13-51:29
63                <action android:name="android.intent.action.MAIN" />
63-->src\main\AndroidManifest.xml:48:17-69
63-->src\main\AndroidManifest.xml:48:25-66
64
65                <category android:name="android.intent.category.LAUNCHER" />
65-->src\main\AndroidManifest.xml:50:17-77
65-->src\main\AndroidManifest.xml:50:27-74
66            </intent-filter>
67        </activity>
68        <activity android:name="com.example.yumi.ChattingActivity" />
68-->src\main\AndroidManifest.xml:53:9-54
68-->src\main\AndroidManifest.xml:53:19-51
69        <activity android:name="com.example.yumi.Student_timeselect" />
69-->src\main\AndroidManifest.xml:54:9-56
69-->src\main\AndroidManifest.xml:54:19-53
70        <activity android:name="com.example.yumi.Codematching_S" />
70-->src\main\AndroidManifest.xml:55:9-52
70-->src\main\AndroidManifest.xml:55:19-49
71        <activity android:name="com.example.yumi.LoginActivity" />
71-->src\main\AndroidManifest.xml:56:9-51
71-->src\main\AndroidManifest.xml:56:19-48
72        <activity android:name="com.example.yumi.Privateinformation2" />
72-->src\main\AndroidManifest.xml:57:9-57
72-->src\main\AndroidManifest.xml:57:19-54
73        <activity android:name="com.example.yumi.Mail_verify" />
73-->src\main\AndroidManifest.xml:58:9-49
73-->src\main\AndroidManifest.xml:58:19-46
74        <activity android:name="com.example.yumi.Teachersignup" />
74-->src\main\AndroidManifest.xml:59:9-51
74-->src\main\AndroidManifest.xml:59:19-48
75        <activity android:name="com.example.yumi.Studentsignup" />
75-->src\main\AndroidManifest.xml:60:9-51
75-->src\main\AndroidManifest.xml:60:19-48
76        <activity android:name="com.example.yumi.MenuActivity" />
76-->src\main\AndroidManifest.xml:61:9-50
76-->src\main\AndroidManifest.xml:61:19-47
77        <activity android:name="com.example.yumi.uploadq" />
77-->src\main\AndroidManifest.xml:62:9-45
77-->src\main\AndroidManifest.xml:62:19-42
78        <activity android:name="com.example.yumi.TutorQuestionDetailActivity" />
78-->src\main\AndroidManifest.xml:63:9-65
78-->src\main\AndroidManifest.xml:63:19-62
79        <activity android:name="com.example.yumi.boardTutor" />
79-->src\main\AndroidManifest.xml:64:9-48
79-->src\main\AndroidManifest.xml:64:19-45
80        <activity android:name="com.example.yumi.getTutorVideo" />
80-->src\main\AndroidManifest.xml:65:9-51
80-->src\main\AndroidManifest.xml:65:19-48
81        <activity android:name="com.example.yumi.tutorManageStudent" />
81-->src\main\AndroidManifest.xml:66:9-56
81-->src\main\AndroidManifest.xml:66:19-53
82        <activity android:name="com.example.yumi.tutorMyPage" />
82-->src\main\AndroidManifest.xml:67:9-49
82-->src\main\AndroidManifest.xml:67:19-46
83        <activity android:name="com.example.yumi.tutorSelect" />
83-->src\main\AndroidManifest.xml:68:9-49
83-->src\main\AndroidManifest.xml:68:19-46
84        <activity android:name="com.example.yumi.tutorPreferences" />
84-->src\main\AndroidManifest.xml:69:9-54
84-->src\main\AndroidManifest.xml:69:19-51
85        <activity android:name="com.example.yumi.tutorMngBooking" />
85-->src\main\AndroidManifest.xml:70:9-53
85-->src\main\AndroidManifest.xml:70:19-50
86        <activity android:name="com.example.yumi.studentcompelete_question" />
86-->src\main\AndroidManifest.xml:71:9-63
86-->src\main\AndroidManifest.xml:71:19-60
87        <activity android:name="com.example.yumi.TutorQuestionlist" />
87-->src\main\AndroidManifest.xml:72:9-55
87-->src\main\AndroidManifest.xml:72:19-52
88        <activity android:name="com.example.yumi.stdMyPage" />
88-->src\main\AndroidManifest.xml:73:9-47
88-->src\main\AndroidManifest.xml:73:19-44
89        <activity android:name="com.example.yumi.stdMngBooking" />
89-->src\main\AndroidManifest.xml:74:9-51
89-->src\main\AndroidManifest.xml:74:19-48
90        <activity android:name="com.example.yumi.stdManageTT" />
90-->src\main\AndroidManifest.xml:75:9-49
90-->src\main\AndroidManifest.xml:75:19-46
91        <activity android:name="com.example.yumi.MyVideoList" />
91-->src\main\AndroidManifest.xml:76:9-49
91-->src\main\AndroidManifest.xml:76:19-46
92        <activity android:name="com.example.yumi.Cons" />
92-->src\main\AndroidManifest.xml:77:9-42
92-->src\main\AndroidManifest.xml:77:19-39
93        <activity android:name="com.example.yumi.stdSelect" />
93-->src\main\AndroidManifest.xml:78:9-47
93-->src\main\AndroidManifest.xml:78:19-44
94        <activity android:name="com.example.yumi.stdPreferences" />
94-->src\main\AndroidManifest.xml:79:9-52
94-->src\main\AndroidManifest.xml:79:19-49
95        <activity android:name="com.example.yumi.stdPrfInform" />
95-->src\main\AndroidManifest.xml:80:9-50
95-->src\main\AndroidManifest.xml:80:19-47
96        <activity android:name="com.example.yumi.changePassWord" />
96-->src\main\AndroidManifest.xml:81:9-52
96-->src\main\AndroidManifest.xml:81:19-49
97        <activity android:name="com.example.yumi.ConnectActivity" />
97-->src\main\AndroidManifest.xml:82:9-53
97-->src\main\AndroidManifest.xml:82:19-50
98        <activity android:name="com.example.yumi.CallActivity" />
98-->src\main\AndroidManifest.xml:83:9-50
98-->src\main\AndroidManifest.xml:83:19-47
99
100        <provider
100-->src\main\AndroidManifest.xml:85:9-93:20
101            android:name="androidx.core.content.FileProvider"
101-->src\main\AndroidManifest.xml:86:13-62
102            android:authorities="com.example.yumi.fileprovider"
102-->src\main\AndroidManifest.xml:87:13-64
103            android:exported="false"
103-->src\main\AndroidManifest.xml:88:13-37
104            android:grantUriPermissions="true" >
104-->src\main\AndroidManifest.xml:89:13-47
105            <meta-data
105-->src\main\AndroidManifest.xml:90:13-92:54
106                android:name="android.support.FILE_PROVIDER_PATHS"
106-->src\main\AndroidManifest.xml:91:17-67
107                android:resource="@xml/file_paths" />
107-->src\main\AndroidManifest.xml:92:17-51
108        </provider>
109
110        <receiver
110-->src\main\AndroidManifest.xml:95:9-102:20
111            android:name="com.example.yumi.AlarmReceiver"
111-->src\main\AndroidManifest.xml:96:13-42
112            android:enabled="true"
112-->src\main\AndroidManifest.xml:97:13-35
113            android:exported="false" >
113-->src\main\AndroidManifest.xml:98:13-37
114            <intent-filter>
114-->src\main\AndroidManifest.xml:99:13-101:29
115                <action android:name="android.intent.action.BOOT_COMPLETED" />
115-->src\main\AndroidManifest.xml:100:17-79
115-->src\main\AndroidManifest.xml:100:25-76
116            </intent-filter>
117        </receiver>
118
119        <uses-library
119-->src\main\AndroidManifest.xml:104:9-106:40
120            android:name="org.apache.http.legacy"
120-->src\main\AndroidManifest.xml:105:13-50
121            android:required="false" />
121-->src\main\AndroidManifest.xml:106:13-37
122
123        <service android:name="com.google.firebase.components.ComponentDiscoveryService" >
123-->[com.google.firebase:firebase-measurement-connector-impl:16.0.1] AndroidManifest.xml:27:9-31:19
123-->[com.google.firebase:firebase-measurement-connector-impl:16.0.1] AndroidManifest.xml:27:18-89
124            <meta-data
124-->[com.google.firebase:firebase-measurement-connector-impl:16.0.1] AndroidManifest.xml:28:13-30:85
125                android:name="com.google.firebase.components:com.google.firebase.analytics.connector.internal.AnalyticsConnectorRegistrar"
125-->[com.google.firebase:firebase-measurement-connector-impl:16.0.1] AndroidManifest.xml:29:17-139
126                android:value="com.google.firebase.components.ComponentRegistrar" />
126-->[com.google.firebase:firebase-measurement-connector-impl:16.0.1] AndroidManifest.xml:30:17-82
127            <meta-data
127-->[com.google.firebase:firebase-iid:16.0.0] AndroidManifest.xml:36:13-38:85
128                android:name="com.google.firebase.components:com.google.firebase.iid.Registrar"
128-->[com.google.firebase:firebase-iid:16.0.0] AndroidManifest.xml:37:17-96
129                android:value="com.google.firebase.components.ComponentRegistrar" />
129-->[com.google.firebase:firebase-iid:16.0.0] AndroidManifest.xml:38:17-82
130        </service>
131
132        <receiver
132-->[com.google.firebase:firebase-analytics:16.0.1] AndroidManifest.xml:29:9-33:20
133            android:name="com.google.android.gms.measurement.AppMeasurementReceiver"
133-->[com.google.firebase:firebase-analytics:16.0.1] AndroidManifest.xml:30:13-85
134            android:enabled="true"
134-->[com.google.firebase:firebase-analytics:16.0.1] AndroidManifest.xml:31:13-35
135            android:exported="false" >
135-->[com.google.firebase:firebase-analytics:16.0.1] AndroidManifest.xml:32:13-37
136        </receiver>
137        <receiver
137-->[com.google.firebase:firebase-analytics:16.0.1] AndroidManifest.xml:34:9-42:20
138            android:name="com.google.android.gms.measurement.AppMeasurementInstallReferrerReceiver"
138-->[com.google.firebase:firebase-analytics:16.0.1] AndroidManifest.xml:35:13-100
139            android:enabled="true"
139-->[com.google.firebase:firebase-analytics:16.0.1] AndroidManifest.xml:36:13-35
140            android:exported="true"
140-->[com.google.firebase:firebase-analytics:16.0.1] AndroidManifest.xml:37:13-36
141            android:permission="android.permission.INSTALL_PACKAGES" >
141-->[com.google.firebase:firebase-analytics:16.0.1] AndroidManifest.xml:38:13-69
142            <intent-filter>
142-->[com.google.firebase:firebase-analytics:16.0.1] AndroidManifest.xml:39:13-41:29
143                <action android:name="com.android.vending.INSTALL_REFERRER" />
143-->[com.google.firebase:firebase-analytics:16.0.1] AndroidManifest.xml:40:17-79
143-->[com.google.firebase:firebase-analytics:16.0.1] AndroidManifest.xml:40:25-76
144            </intent-filter>
145        </receiver>
146
147        <service
147-->[com.google.firebase:firebase-analytics:16.0.1] AndroidManifest.xml:44:9-47:40
148            android:name="com.google.android.gms.measurement.AppMeasurementService"
148-->[com.google.firebase:firebase-analytics:16.0.1] AndroidManifest.xml:45:13-84
149            android:enabled="true"
149-->[com.google.firebase:firebase-analytics:16.0.1] AndroidManifest.xml:46:13-35
150            android:exported="false" />
150-->[com.google.firebase:firebase-analytics:16.0.1] AndroidManifest.xml:47:13-37
151        <service
151-->[com.google.firebase:firebase-analytics:16.0.1] AndroidManifest.xml:48:9-52:72
152            android:name="com.google.android.gms.measurement.AppMeasurementJobService"
152-->[com.google.firebase:firebase-analytics:16.0.1] AndroidManifest.xml:49:13-87
153            android:enabled="true"
153-->[com.google.firebase:firebase-analytics:16.0.1] AndroidManifest.xml:50:13-35
154            android:exported="false"
154-->[com.google.firebase:firebase-analytics:16.0.1] AndroidManifest.xml:51:13-37
155            android:permission="android.permission.BIND_JOB_SERVICE" />
155-->[com.google.firebase:firebase-analytics:16.0.1] AndroidManifest.xml:52:13-69
156
157        <receiver
157-->[com.google.firebase:firebase-iid:16.0.0] AndroidManifest.xml:41:9-50:20
158            android:name="com.google.firebase.iid.FirebaseInstanceIdReceiver"
158-->[com.google.firebase:firebase-iid:16.0.0] AndroidManifest.xml:42:13-78
159            android:exported="true"
159-->[com.google.firebase:firebase-iid:16.0.0] AndroidManifest.xml:43:13-36
160            android:permission="com.google.android.c2dm.permission.SEND" >
160-->[com.google.firebase:firebase-iid:16.0.0] AndroidManifest.xml:44:13-73
161            <intent-filter>
161-->[com.google.firebase:firebase-iid:16.0.0] AndroidManifest.xml:45:13-49:29
162                <action android:name="com.google.android.c2dm.intent.RECEIVE" />
162-->[com.google.firebase:firebase-iid:16.0.0] AndroidManifest.xml:46:17-81
162-->[com.google.firebase:firebase-iid:16.0.0] AndroidManifest.xml:46:25-78
163
164                <category android:name="com.example.yumi" />
164-->[com.google.firebase:firebase-iid:16.0.0] AndroidManifest.xml:48:17-61
164-->[com.google.firebase:firebase-iid:16.0.0] AndroidManifest.xml:48:27-58
165            </intent-filter>
166        </receiver>
167        <!--
168             FirebaseInstanceIdService performs security checks at runtime,
169             no need for explicit permissions despite exported="true"
170        -->
171        <service
171-->[com.google.firebase:firebase-iid:16.0.0] AndroidManifest.xml:56:9-62:19
172            android:name="com.google.firebase.iid.FirebaseInstanceIdService"
172-->[com.google.firebase:firebase-iid:16.0.0] AndroidManifest.xml:57:13-77
173            android:exported="true" >
173-->[com.google.firebase:firebase-iid:16.0.0] AndroidManifest.xml:58:13-36
174            <intent-filter android:priority="-500" >
174-->[com.google.firebase:firebase-iid:16.0.0] AndroidManifest.xml:59:13-61:29
174-->[com.google.firebase:firebase-iid:16.0.0] AndroidManifest.xml:59:28-51
175                <action android:name="com.google.firebase.INSTANCE_ID_EVENT" />
175-->[com.google.firebase:firebase-iid:16.0.0] AndroidManifest.xml:60:17-80
175-->[com.google.firebase:firebase-iid:16.0.0] AndroidManifest.xml:60:25-77
176            </intent-filter>
177        </service>
178
179        <provider
179-->[com.google.firebase:firebase-common:16.0.0] AndroidManifest.xml:9:9-13:39
180            android:name="com.google.firebase.provider.FirebaseInitProvider"
180-->[com.google.firebase:firebase-common:16.0.0] AndroidManifest.xml:10:13-77
181            android:authorities="com.example.yumi.firebaseinitprovider"
181-->[com.google.firebase:firebase-common:16.0.0] AndroidManifest.xml:11:13-72
182            android:exported="false"
182-->[com.google.firebase:firebase-common:16.0.0] AndroidManifest.xml:12:13-37
183            android:initOrder="100" />
183-->[com.google.firebase:firebase-common:16.0.0] AndroidManifest.xml:13:13-36
184
185        <activity
185-->[com.google.android.gms:play-services-base:15.0.1] AndroidManifest.xml:23:9-26:75
186            android:name="com.google.android.gms.common.api.GoogleApiActivity"
186-->[com.google.android.gms:play-services-base:15.0.1] AndroidManifest.xml:24:13-79
187            android:exported="false"
187-->[com.google.android.gms:play-services-base:15.0.1] AndroidManifest.xml:25:13-37
188            android:theme="@android:style/Theme.Translucent.NoTitleBar" />
188-->[com.google.android.gms:play-services-base:15.0.1] AndroidManifest.xml:26:13-72
189
190        <meta-data
190-->[com.google.android.gms:play-services-basement:15.0.1] AndroidManifest.xml:23:9-25:69
191            android:name="com.google.android.gms.version"
191-->[com.google.android.gms:play-services-basement:15.0.1] AndroidManifest.xml:24:13-58
192            android:value="@integer/google_play_services_version" />
192-->[com.google.android.gms:play-services-basement:15.0.1] AndroidManifest.xml:25:13-66
193
194        <provider
194-->[androidx.lifecycle:lifecycle-process:2.1.0] AndroidManifest.xml:23:9-27:43
195            android:name="androidx.lifecycle.ProcessLifecycleOwnerInitializer"
195-->[androidx.lifecycle:lifecycle-process:2.1.0] AndroidManifest.xml:24:13-79
196            android:authorities="com.example.yumi.lifecycle-process"
196-->[androidx.lifecycle:lifecycle-process:2.1.0] AndroidManifest.xml:25:13-69
197            android:exported="false"
197-->[androidx.lifecycle:lifecycle-process:2.1.0] AndroidManifest.xml:26:13-37
198            android:multiprocess="true" />
198-->[androidx.lifecycle:lifecycle-process:2.1.0] AndroidManifest.xml:27:13-40
199    </application>
200
201</manifest>